2025-09-18T23:21:25:  96 |     const isPatching = patching.has(filename)
2025-09-18T23:21:25:  97 |     if (isPatching === false) {
2025-09-18T23:21:25:  98 |       patching.add(filename)
2025-09-18T23:21:25:  99 |     }
2025-09-18T23:21:25: 100 | 
2025-09-18T23:21:25: 101 |     const exports = self._origRequire.apply(this, arguments)
2025-09-18T23:21:25:                                             ^
2025-09-18T23:21:25: TypeError: require() async module "/home/roy/kachina-md/main.js" is unsupported. use "await import()" instead.
2025-09-18T23:21:25:       at <anonymous> (/home/roy/.bun/install/global/node_modules/require-in-the-middle/index.js:101:39)
2025-09-18T23:21:25:       at <anonymous> (/home/roy/.bun/install/global/node_modules/pm2/lib/ProcessContainerForkBun.js:27:1)
2025-09-18T23:21:25: 
2025-09-18T23:21:27:  96 |     const isPatching = patching.has(filename)
2025-09-18T23:21:27:  97 |     if (isPatching === false) {
2025-09-18T23:21:27:  98 |       patching.add(filename)
2025-09-18T23:21:27:  99 |     }
2025-09-18T23:21:27: 100 | 
2025-09-18T23:21:27: 101 |     const exports = self._origRequire.apply(this, arguments)
2025-09-18T23:21:27:                                             ^
2025-09-18T23:21:27: TypeError: require() async module "/home/roy/kachina-md/main.js" is unsupported. use "await import()" instead.
2025-09-18T23:21:27:       at <anonymous> (/home/roy/.bun/install/global/node_modules/require-in-the-middle/index.js:101:39)
2025-09-18T23:21:27:       at <anonymous> (/home/roy/.bun/install/global/node_modules/pm2/lib/ProcessContainerForkBun.js:27:1)
2025-09-18T23:21:27: 
2025-09-18T23:21:29:  96 |     const isPatching = patching.has(filename)
2025-09-18T23:21:29:  97 |     if (isPatching === false) {
2025-09-18T23:21:29:  98 |       patching.add(filename)
2025-09-18T23:21:29:  99 |     }
2025-09-18T23:21:29: 100 | 
2025-09-18T23:21:29: 101 |     const exports = self._origRequire.apply(this, arguments)
2025-09-18T23:21:29:                                             ^
2025-09-18T23:21:29: TypeError: require() async module "/home/roy/kachina-md/main.js" is unsupported. use "await import()" instead.
2025-09-18T23:21:29:       at <anonymous> (/home/roy/.bun/install/global/node_modules/require-in-the-middle/index.js:101:39)
2025-09-18T23:21:29:       at <anonymous> (/home/roy/.bun/install/global/node_modules/pm2/lib/ProcessContainerForkBun.js:27:1)
2025-09-18T23:21:29: 
2025-09-18T23:21:31:  96 |     const isPatching = patching.has(filename)
2025-09-18T23:21:31:  97 |     if (isPatching === false) {
2025-09-18T23:21:31:  98 |       patching.add(filename)
2025-09-18T23:21:31:  99 |     }
2025-09-18T23:21:31: 100 | 
2025-09-18T23:21:31: 101 |     const exports = self._origRequire.apply(this, arguments)
2025-09-18T23:21:31:                                             ^
2025-09-18T23:21:31: TypeError: require() async module "/home/roy/kachina-md/main.js" is unsupported. use "await import()" instead.
2025-09-18T23:21:31:       at <anonymous> (/home/roy/.bun/install/global/node_modules/require-in-the-middle/index.js:101:39)
2025-09-18T23:21:31:       at <anonymous> (/home/roy/.bun/install/global/node_modules/pm2/lib/ProcessContainerForkBun.js:27:1)
2025-09-18T23:21:31: 
2025-09-18T23:21:34:  96 |     const isPatching = patching.has(filename)
2025-09-18T23:21:34:  97 |     if (isPatching === false) {
2025-09-18T23:21:34:  98 |       patching.add(filename)
2025-09-18T23:21:34:  99 |     }
2025-09-18T23:21:34: 100 | 
2025-09-18T23:21:34: 101 |     const exports = self._origRequire.apply(this, arguments)
2025-09-18T23:21:34:                                             ^
2025-09-18T23:21:34: TypeError: require() async module "/home/roy/kachina-md/main.js" is unsupported. use "await import()" instead.
2025-09-18T23:21:34:       at <anonymous> (/home/roy/.bun/install/global/node_modules/require-in-the-middle/index.js:101:39)
2025-09-18T23:21:34:       at <anonymous> (/home/roy/.bun/install/global/node_modules/pm2/lib/ProcessContainerForkBun.js:27:1)
2025-09-18T23:21:34: 
2025-09-18T23:21:36:  96 |     const isPatching = patching.has(filename)
2025-09-18T23:21:36:  97 |     if (isPatching === false) {
2025-09-18T23:21:36:  98 |       patching.add(filename)
2025-09-18T23:21:36:  99 |     }
2025-09-18T23:21:36: 100 | 
2025-09-18T23:21:36: 101 |     const exports = self._origRequire.apply(this, arguments)
2025-09-18T23:21:36:                                             ^
2025-09-18T23:21:36: TypeError: require() async module "/home/roy/kachina-md/main.js" is unsupported. use "await import()" instead.
2025-09-18T23:21:36:       at <anonymous> (/home/roy/.bun/install/global/node_modules/require-in-the-middle/index.js:101:39)
2025-09-18T23:21:36:       at <anonymous> (/home/roy/.bun/install/global/node_modules/pm2/lib/ProcessContainerForkBun.js:27:1)
2025-09-18T23:21:36: 
2025-09-18T23:21:38:  96 |     const isPatching = patching.has(filename)
2025-09-18T23:21:38:  97 |     if (isPatching === false) {
2025-09-18T23:21:38:  98 |       patching.add(filename)
2025-09-18T23:21:38:  99 |     }
2025-09-18T23:21:38: 100 | 
2025-09-18T23:21:38: 101 |     const exports = self._origRequire.apply(this, arguments)
2025-09-18T23:21:38:                                             ^
2025-09-18T23:21:38: TypeError: require() async module "/home/roy/kachina-md/main.js" is unsupported. use "await import()" instead.
2025-09-18T23:21:38:       at <anonymous> (/home/roy/.bun/install/global/node_modules/require-in-the-middle/index.js:101:39)
2025-09-18T23:21:38:       at <anonymous> (/home/roy/.bun/install/global/node_modules/pm2/lib/ProcessContainerForkBun.js:27:1)
2025-09-18T23:21:38: 
2025-09-18T23:21:41:  96 |     const isPatching = patching.has(filename)
2025-09-18T23:21:41:  97 |     if (isPatching === false) {
2025-09-18T23:21:41:  98 |       patching.add(filename)
2025-09-18T23:21:41:  99 |     }
2025-09-18T23:21:41: 100 | 
2025-09-18T23:21:41: 101 |     const exports = self._origRequire.apply(this, arguments)
2025-09-18T23:21:41:                                             ^
2025-09-18T23:21:41: TypeError: require() async module "/home/roy/kachina-md/main.js" is unsupported. use "await import()" instead.
2025-09-18T23:21:41:       at <anonymous> (/home/roy/.bun/install/global/node_modules/require-in-the-middle/index.js:101:39)
2025-09-18T23:21:41:       at <anonymous> (/home/roy/.bun/install/global/node_modules/pm2/lib/ProcessContainerForkBun.js:27:1)
2025-09-18T23:21:41: 
2025-09-18T23:21:43:  96 |     const isPatching = patching.has(filename)
2025-09-18T23:21:43:  97 |     if (isPatching === false) {
2025-09-18T23:21:43:  98 |       patching.add(filename)
2025-09-18T23:21:43:  99 |     }
2025-09-18T23:21:43: 100 | 
2025-09-18T23:21:43: 101 |     const exports = self._origRequire.apply(this, arguments)
2025-09-18T23:21:43:                                             ^
2025-09-18T23:21:43: TypeError: require() async module "/home/roy/kachina-md/main.js" is unsupported. use "await import()" instead.
2025-09-18T23:21:43:       at <anonymous> (/home/roy/.bun/install/global/node_modules/require-in-the-middle/index.js:101:39)
2025-09-18T23:21:43:       at <anonymous> (/home/roy/.bun/install/global/node_modules/pm2/lib/ProcessContainerForkBun.js:27:1)
2025-09-18T23:21:43: 
2025-09-18T23:21:46:  96 |     const isPatching = patching.has(filename)
2025-09-18T23:21:46:  97 |     if (isPatching === false) {
2025-09-18T23:21:46:  98 |       patching.add(filename)
2025-09-18T23:21:46:  99 |     }
2025-09-18T23:21:46: 100 | 
2025-09-18T23:21:46: 101 |     const exports = self._origRequire.apply(this, arguments)
2025-09-18T23:21:46:                                             ^
2025-09-18T23:21:46: TypeError: require() async module "/home/roy/kachina-md/main.js" is unsupported. use "await import()" instead.
2025-09-18T23:21:46:       at <anonymous> (/home/roy/.bun/install/global/node_modules/require-in-the-middle/index.js:101:39)
2025-09-18T23:21:46:       at <anonymous> (/home/roy/.bun/install/global/node_modules/pm2/lib/ProcessContainerForkBun.js:27:1)
2025-09-18T23:21:46: 
